<?xml version="1.0" encoding="UTF-8"?>
<testng-results ignored="0" total="1" passed="1" failed="0" skipped="0">
  <reporter-output>
  </reporter-output>
  <suite started-at="2022-11-04T17:21:20 IST" name="Default suite" finished-at="2022-11-04T17:22:03 IST" duration-ms="42295">
    <groups>
      <group name="cucumber">
        <method signature="AbstractTestNGCucumberTests.runScenario(io.cucumber.testng.PickleWrapper, io.cucumber.testng.FeatureWrapper)[pri:0, instance:salezRobotWebsite_Test.SalezRobot_Website_Test@7d0b7e3c]" name="runScenario" class="io.cucumber.testng.AbstractTestNGCucumberTests"/>
      </group> <!-- cucumber -->
    </groups>
    <test started-at="2022-11-04T17:21:20 IST" name="Default test" finished-at="2022-11-04T17:22:03 IST" duration-ms="42295">
      <class name="salezRobotWebsite_Test.SalezRobot_Website_Test">
        <test-method is-config="true" signature="startReport()[pri:0, instance:salezRobotWebsite_Test.SalezRobot_Website_Test@7d0b7e3c]" started-at="2022-11-04T17:21:19 IST" name="startReport" finished-at="2022-11-04T17:21:20 IST" duration-ms="1332" status="PASS">
          <reporter-output>
          </reporter-output>
        </test-method> <!-- startReport -->
        <test-method is-config="true" signature="setValues()[pri:0, instance:salezRobotWebsite_Test.SalezRobot_Website_Test@7d0b7e3c]" started-at="2022-11-04T17:21:20 IST" name="setValues" finished-at="2022-11-04T17:21:20 IST" duration-ms="2" status="PASS">
          <reporter-output>
          </reporter-output>
        </test-method> <!-- setValues -->
        <test-method is-config="true" signature="setUpClass(org.testng.ITestContext)[pri:0, instance:salezRobotWebsite_Test.SalezRobot_Website_Test@7d0b7e3c]" started-at="2022-11-04T17:21:20 IST" name="setUpClass" finished-at="2022-11-04T17:21:21 IST" duration-ms="788" status="PASS">
          <params>
            <param index="0">
              <value>
                <![CDATA[org.testng.TestRunner@19b02dfd]]>
              </value>
            </param>
          </params>
          <reporter-output>
          </reporter-output>
        </test-method> <!-- setUpClass -->
        <test-method is-config="true" signature="report()[pri:0, instance:salezRobotWebsite_Test.SalezRobot_Website_Test@7d0b7e3c]" started-at="2022-11-04T17:21:21 IST" name="report" finished-at="2022-11-04T17:21:21 IST" duration-ms="24" status="PASS">
          <reporter-output>
          </reporter-output>
        </test-method> <!-- report -->
        <test-method is-config="true" signature="beforeMethod()[pri:0, instance:salezRobotWebsite_Test.SalezRobot_Website_Test@7d0b7e3c]" started-at="2022-11-04T17:21:21 IST" name="beforeMethod" finished-at="2022-11-04T17:21:29 IST" duration-ms="8102" status="PASS">
          <reporter-output>
          </reporter-output>
        </test-method> <!-- beforeMethod -->
        <test-method signature="clikable_Elements_in_SalezRobot_Website()[pri:0, instance:salezRobotWebsite_Test.SalezRobot_Website_Test@7d0b7e3c]" started-at="2022-11-04T17:21:29 IST" name="clikable_Elements_in_SalezRobot_Website" finished-at="2022-11-04T17:22:01 IST" duration-ms="31734" status="PASS">
          <reporter-output>
          </reporter-output>
        </test-method> <!-- clikable_Elements_in_SalezRobot_Website -->
        <test-method is-config="true" signature="afterMethod()[pri:0, instance:salezRobotWebsite_Test.SalezRobot_Website_Test@7d0b7e3c]" started-at="2022-11-04T17:22:01 IST" name="afterMethod" finished-at="2022-11-04T17:22:03 IST" duration-ms="1499" status="PASS">
          <reporter-output>
          </reporter-output>
        </test-method> <!-- afterMethod -->
        <test-method is-config="true" signature="tearDownClass()[pri:0, instance:salezRobotWebsite_Test.SalezRobot_Website_Test@7d0b7e3c]" started-at="2022-11-04T17:22:03 IST" name="tearDownClass" finished-at="2022-11-04T17:22:03 IST" duration-ms="25" status="PASS">
          <reporter-output>
          </reporter-output>
        </test-method> <!-- tearDownClass -->
        <test-method is-config="true" signature="stopReport()[pri:0, instance:salezRobotWebsite_Test.SalezRobot_Website_Test@7d0b7e3c]" started-at="2022-11-04T17:22:03 IST" name="stopReport" finished-at="2022-11-04T17:22:05 IST" duration-ms="1934" status="PASS">
          <reporter-output>
          </reporter-output>
        </test-method> <!-- stopReport -->
      </class> <!-- salezRobotWebsite_Test.SalezRobot_Website_Test -->
    </test> <!-- Default test -->
  </suite> <!-- Default suite -->
</testng-results>
