<?xml version="1.0" encoding="UTF-8"?>
<testng-results ignored="0" total="1" passed="1" failed="0" skipped="0">
  <reporter-output>
  </reporter-output>
  <suite started-at="2022-10-21T18:45:36 IST" name="Default suite" finished-at="2022-10-21T18:46:31 IST" duration-ms="54841">
    <groups>
      <group name="cucumber">
        <method signature="AbstractTestNGCucumberTests.runScenario(io.cucumber.testng.PickleWrapper, io.cucumber.testng.FeatureWrapper)[pri:0, instance:salezRobotWebsite_Test.SalezRobot_Website_Test@7d0b7e3c]" name="runScenario" class="io.cucumber.testng.AbstractTestNGCucumberTests"/>
      </group> <!-- cucumber -->
    </groups>
    <test started-at="2022-10-21T18:45:36 IST" name="Default test" finished-at="2022-10-21T18:46:31 IST" duration-ms="54841">
      <class name="salezRobotWebsite_Test.SalezRobot_Website_Test">
        <test-method is-config="true" signature="startReport()[pri:0, instance:salezRobotWebsite_Test.SalezRobot_Website_Test@7d0b7e3c]" started-at="2022-10-21T18:45:36 IST" name="startReport" finished-at="2022-10-21T18:45:36 IST" duration-ms="506" status="PASS">
          <reporter-output>
          </reporter-output>
        </test-method> <!-- startReport -->
        <test-method is-config="true" signature="setValues()[pri:0, instance:salezRobotWebsite_Test.SalezRobot_Website_Test@7d0b7e3c]" started-at="2022-10-21T18:45:36 IST" name="setValues" finished-at="2022-10-21T18:45:36 IST" duration-ms="3" status="PASS">
          <reporter-output>
          </reporter-output>
        </test-method> <!-- setValues -->
        <test-method is-config="true" signature="setUpClass(org.testng.ITestContext)[pri:0, instance:salezRobotWebsite_Test.SalezRobot_Website_Test@7d0b7e3c]" started-at="2022-10-21T18:45:36 IST" name="setUpClass" finished-at="2022-10-21T18:45:36 IST" duration-ms="243" status="PASS">
          <params>
            <param index="0">
              <value>
                <![CDATA[org.testng.TestRunner@615efd1c]]>
              </value>
            </param>
          </params>
          <reporter-output>
          </reporter-output>
        </test-method> <!-- setUpClass -->
        <test-method is-config="true" signature="report()[pri:0, instance:salezRobotWebsite_Test.SalezRobot_Website_Test@7d0b7e3c]" started-at="2022-10-21T18:45:36 IST" name="report" finished-at="2022-10-21T18:45:36 IST" duration-ms="17" status="PASS">
          <reporter-output>
          </reporter-output>
        </test-method> <!-- report -->
        <test-method is-config="true" signature="beforeMethod()[pri:0, instance:salezRobotWebsite_Test.SalezRobot_Website_Test@7d0b7e3c]" started-at="2022-10-21T18:45:36 IST" name="beforeMethod" finished-at="2022-10-21T18:45:40 IST" duration-ms="3420" status="PASS">
          <reporter-output>
          </reporter-output>
        </test-method> <!-- beforeMethod -->
        <test-method signature="clikable_Elements_in_SalezRobot_Website()[pri:0, instance:salezRobotWebsite_Test.SalezRobot_Website_Test@7d0b7e3c]" started-at="2022-10-21T18:45:40 IST" name="clikable_Elements_in_SalezRobot_Website" finished-at="2022-10-21T18:46:30 IST" duration-ms="50565" status="PASS">
          <reporter-output>
          </reporter-output>
        </test-method> <!-- clikable_Elements_in_SalezRobot_Website -->
        <test-method is-config="true" signature="afterMethod()[pri:0, instance:salezRobotWebsite_Test.SalezRobot_Website_Test@7d0b7e3c]" started-at="2022-10-21T18:46:30 IST" name="afterMethod" finished-at="2022-10-21T18:46:31 IST" duration-ms="538" status="PASS">
          <reporter-output>
          </reporter-output>
        </test-method> <!-- afterMethod -->
        <test-method is-config="true" signature="tearDownClass()[pri:0, instance:salezRobotWebsite_Test.SalezRobot_Website_Test@7d0b7e3c]" started-at="2022-10-21T18:46:31 IST" name="tearDownClass" finished-at="2022-10-21T18:46:31 IST" duration-ms="10" status="PASS">
          <reporter-output>
          </reporter-output>
        </test-method> <!-- tearDownClass -->
        <test-method is-config="true" signature="stopReport()[pri:0, instance:salezRobotWebsite_Test.SalezRobot_Website_Test@7d0b7e3c]" started-at="2022-10-21T18:46:31 IST" name="stopReport" finished-at="2022-10-21T18:46:32 IST" duration-ms="594" status="PASS">
          <reporter-output>
          </reporter-output>
        </test-method> <!-- stopReport -->
      </class> <!-- salezRobotWebsite_Test.SalezRobot_Website_Test -->
    </test> <!-- Default test -->
  </suite> <!-- Default suite -->
</testng-results>
